<?xml version="1.0" encoding="UTF-8"?>
<testsuites name="Mocha Tests" time="149.835" tests="1" failures="0">
  <testsuite name="Root Suite" timestamp="2023-04-27T03:33:24" tests="0" file="cypress\e2e\RegressionTests\Test1.cy.js" time="0.000" failures="0">
  </testsuite>
  <testsuite name="Test with Page Objects" timestamp="2023-04-27T03:33:24" tests="1" time="149.812" failures="0">
    <testcase name="Test with Page Objects Verify Navigation Across Pages" time="149.453" classname="Verify Navigation Across Pages">
    </testcase>
  </testsuite>
</testsuites>